<?xml version="1.0" encoding="UTF-8"?>
<testng-results ignored="0" total="1" passed="1" failed="0" skipped="0">
  <reporter-output>
  </reporter-output>
  <suite started-at="2022-05-01T18:08:22 IST" name="Default suite" finished-at="2022-05-01T18:08:33 IST" duration-ms="10856">
    <groups>
    </groups>
    <test started-at="2022-05-01T18:08:22 IST" name="Default test" finished-at="2022-05-01T18:08:33 IST" duration-ms="10856">
      <class name="com.learnautomation.Testcases.LoginTestCRM">
        <test-method is-config="true" signature="SetUp()[pri:0, instance:com.learnautomation.Testcases.LoginTestCRM@54e1c68b]" started-at="2022-05-01T18:08:21 IST" name="SetUp" finished-at="2022-05-01T18:08:22 IST" duration-ms="819" status="PASS">
          <reporter-output>
          </reporter-output>
        </test-method> <!-- SetUp -->
        <test-method is-config="true" signature="setup()[pri:0, instance:com.learnautomation.Testcases.LoginTestCRM@54e1c68b]" started-at="2022-05-01T18:08:22 IST" name="setup" finished-at="2022-05-01T18:08:31 IST" duration-ms="8427" status="PASS">
          <reporter-output>
          </reporter-output>
        </test-method> <!-- setup -->
        <test-method signature="Login()[pri:0, instance:com.learnautomation.Testcases.LoginTestCRM@54e1c68b]" started-at="2022-05-01T18:08:31 IST" name="Login" finished-at="2022-05-01T18:08:33 IST" duration-ms="2073" status="PASS">
          <reporter-output>
          </reporter-output>
        </test-method> <!-- Login -->
        <test-method is-config="true" signature="takeScreenshot(org.testng.ITestResult)[pri:0, instance:com.learnautomation.Testcases.LoginTestCRM@54e1c68b]" started-at="2022-05-01T18:08:33 IST" name="takeScreenshot" finished-at="2022-05-01T18:08:33 IST" duration-ms="316" status="PASS">
          <params>
            <param index="0">
              <value>
                <![CDATA[[TestResult name=Login status=SUCCESS method=LoginTestCRM.Login()[pri:0, instance:com.learnautomation.Testcases.LoginTestCRM@54e1c68b] output={null}]]]>
              </value>
            </param>
          </params>
          <reporter-output>
          </reporter-output>
        </test-method> <!-- takeScreenshot -->
        <test-method is-config="true" signature="tearDown()[pri:0, instance:com.learnautomation.Testcases.LoginTestCRM@54e1c68b]" started-at="2022-05-01T18:08:33 IST" name="tearDown" finished-at="2022-05-01T18:08:34 IST" duration-ms="563" status="PASS">
          <reporter-output>
          </reporter-output>
        </test-method> <!-- tearDown -->
      </class> <!-- com.learnautomation.Testcases.LoginTestCRM -->
    </test> <!-- Default test -->
  </suite> <!-- Default suite -->
</testng-results>
